<?xml version="1.0" encoding="UTF-8"?>
<!-- Generated by org.testng.reporters.JUnitXMLReporter -->
<testsuite hostname="itadmin" ignored="0" name="Test" tests="6" failures="0" timestamp="09 Sep 2019 10:22:44 GMT" time="0.046" errors="0">
  <testcase name="FaceBook" time="0.008" classname="SocialMedia.social"/>
  <testcase name="Instagram" time="0.001" classname="SocialMedia.social"/>
  <testcase name="Twitter" time="0.001" classname="SocialMedia.social"/>
  <testcase name="Glassdoor" time="0.001" classname="ProfesionalMedia.profesional"/>
  <testcase name="Insight" time="0.001" classname="ProfesionalMedia.profesional"/>
  <testcase name="Linkedin" time="0.001" classname="ProfesionalMedia.profesional"/>
</testsuite> <!-- Test -->
